SF:lib/data/datasources/product_remote_data_source.dart
DA:13,1
DA:21,1
DA:22,6
DA:24,2
DA:25,4
DA:27,1
LF:6
LH:6
end_of_record
SF:lib/utils/exception.dart
DA:6,0
LF:1
LH:0
end_of_record
SF:lib/data/models/product_model.dart
DA:5,9
DA:17,4
DA:18,2
DA:19,2
DA:20,2
DA:21,2
DA:24,0
DA:25,0
DA:26,0
DA:27,0
DA:28,0
DA:31,2
DA:32,2
DA:33,2
DA:34,2
DA:38,2
DA:39,2
DA:40,2
DA:41,2
DA:42,2
DA:43,2
LF:21
LH:16
end_of_record
SF:lib/data/models/product_response.dart
DA:5,9
DA:8,4
DA:9,2
DA:10,6
DA:14,0
DA:15,0
DA:18,1
DA:19,2
LF:8
LH:6
end_of_record
SF:lib/domain/entities/product.dart
DA:4,5
DA:14,2
DA:15,2
DA:16,2
DA:17,2
DA:18,2
LF:6
LH:6
end_of_record
SF:lib/domain/usecases/get_products.dart
DA:7,1
DA:10,1
DA:11,2
LF:3
LH:3
end_of_record
SF:lib/utils/failure.dart
DA:6,3
DA:8,0
DA:9,0
DA:13,3
DA:17,2
DA:21,0
LF:6
LH:3
end_of_record
SF:lib/data/repositories/product_respository_impl.dart
DA:11,1
DA:17,1
DA:19,3
DA:20,5
DA:21,1
DA:23,1
LF:6
LH:6
end_of_record
SF:lib/presentation/provider/page1_notifier.dart
DA:9,1
DA:12,2
DA:15,2
DA:18,2
DA:21,2
DA:23,1
DA:24,2
DA:25,1
DA:26,1
DA:28,3
DA:30,1
DA:31,1
DA:32,2
DA:33,1
DA:34,1
DA:36,1
DA:37,1
DA:38,1
DA:39,1
DA:44,1
DA:45,4
DA:47,3
DA:48,3
DA:50,3
DA:52,1
DA:55,1
DA:56,4
DA:57,4
DA:59,4
DA:60,3
DA:62,0
DA:64,1
DA:68,1
DA:69,3
DA:72,1
DA:73,3
DA:76,1
DA:78,3
DA:84,1
DA:85,3
DA:88,0
DA:90,0
DA:91,0
LF:43
LH:39
end_of_record
SF:lib/utils/state_enum.dart
DA:1,2
LF:1
LH:1
end_of_record
SF:lib/presentation/provider/page2_notifier.dart
DA:7,2
DA:10,2
DA:13,0
DA:15,1
DA:16,1
DA:17,1
DA:18,1
DA:20,2
DA:21,1
DA:22,1
DA:25,0
DA:27,0
DA:28,0
LF:13
LH:9
end_of_record
SF:./lib/data/datasources/product_remote_data_source.dart
DA:13,1
DA:21,1
DA:22,6
DA:24,2
DA:25,4
DA:27,1
LF:6
LH:6
end_of_record
SF:./lib/utils/exception.dart
DA:6,0
LF:1
LH:0
end_of_record
SF:./lib/data/models/product_model.dart
DA:5,9
DA:17,4
DA:18,2
DA:19,2
DA:20,2
DA:21,2
DA:24,0
DA:25,0
DA:26,0
DA:27,0
DA:28,0
DA:31,2
DA:32,2
DA:33,2
DA:34,2
DA:38,2
DA:39,2
DA:40,2
DA:41,2
DA:42,2
DA:43,2
LF:21
LH:16
end_of_record
SF:./lib/data/models/product_response.dart
DA:5,9
DA:8,4
DA:9,2
DA:10,6
DA:14,0
DA:15,0
DA:18,1
DA:19,2
LF:8
LH:6
end_of_record
SF:./lib/domain/entities/product.dart
DA:4,5
DA:14,2
DA:15,2
DA:16,2
DA:17,2
DA:18,2
LF:6
LH:6
end_of_record
SF:./lib/domain/usecases/get_products.dart
DA:7,1
DA:10,1
DA:11,2
LF:3
LH:3
end_of_record
SF:./lib/utils/failure.dart
DA:6,3
DA:8,0
DA:9,0
DA:13,3
DA:17,2
DA:21,0
LF:6
LH:3
end_of_record
SF:./lib/data/repositories/product_respository_impl.dart
DA:11,1
DA:17,1
DA:19,3
DA:20,5
DA:21,1
DA:23,1
LF:6
LH:6
end_of_record
SF:./lib/presentation/provider/page1_notifier.dart
DA:9,1
DA:12,2
DA:15,2
DA:18,2
DA:21,2
DA:23,1
DA:24,2
DA:25,1
DA:26,1
DA:28,3
DA:30,1
DA:31,1
DA:32,2
DA:33,1
DA:34,1
DA:36,1
DA:37,1
DA:38,1
DA:39,1
DA:44,1
DA:45,4
DA:47,3
DA:48,3
DA:50,3
DA:52,1
DA:55,1
DA:56,4
DA:57,4
DA:59,4
DA:60,3
DA:62,0
DA:64,1
DA:68,1
DA:69,3
DA:72,1
DA:73,3
DA:76,1
DA:78,3
DA:84,1
DA:85,3
DA:88,0
DA:90,0
DA:91,0
LF:43
LH:39
end_of_record
SF:./lib/utils/state_enum.dart
DA:1,2
LF:1
LH:1
end_of_record
SF:./lib/presentation/provider/page2_notifier.dart
DA:7,2
DA:10,2
DA:13,0
DA:15,1
DA:16,1
DA:17,1
DA:18,1
DA:20,2
DA:21,1
DA:22,1
DA:25,0
DA:27,0
DA:28,0
LF:13
LH:9
end_of_record
